<?xml version="1.0" encoding="UTF-8" ?>
<testsuite errors="0" failures="0" hostname="Karans-MacBook-Air.local" name="sourceCode.FinancialCalTest" skipped="0" tests="2" time="0.04" timestamp="2024-01-17T04:15:08">
  <properties>
[...]
</properties>
  <testcase classname="sourceCode.FinancialCalTest" name="testOverallDebt" time="0.003" />
  <testcase classname="sourceCode.FinancialCalTest" name="testMonthlyRate" time="0.0" />
  <system-out><![CDATA[]]></system-out>
  <system-err><![CDATA[]]></system-err>
</testsuite>
